Release 14.7 - xst P.20131013 (nt64)
Copyright (c) 1995-2013 Xilinx, Inc.  All rights reserved.
--> Parameter TMPDIR set to xst/projnav.tmp


Total REAL time to Xst completion: 1.00 secs
Total CPU time to Xst completion: 0.53 secs
 
--> Parameter xsthdpdir set to xst


Total REAL time to Xst completion: 1.00 secs
Total CPU time to Xst completion: 0.53 secs
 
--> Reading design: ALU_1bit.prj

TABLE OF CONTENTS
  1) Synthesis Options Summary
  2) HDL Parsing
  3) HDL Elaboration
  4) HDL Synthesis
       4.1) HDL Synthesis Report
  5) Advanced HDL Synthesis
       5.1) Advanced HDL Synthesis Report
  6) Low Level Synthesis
  7) Partition Report
  8) Design Summary
       8.1) Primitive and Black Box Usage
       8.2) Device utilization summary
       8.3) Partition Resource Summary
       8.4) Timing Report
            8.4.1) Clock Information
            8.4.2) Asynchronous Control Signals Information
            8.4.3) Timing Summary
            8.4.4) Timing Details
            8.4.5) Cross Clock Domains Report


=========================================================================
*                      Synthesis Options Summary                        *
=========================================================================
---- Source Parameters
Input File Name                    : "ALU_1bit.prj"
Ignore Synthesis Constraint File   : NO

---- Target Parameters
Output File Name                   : "ALU_1bit"
Output Format                      : NGC
Target Device                      : xc7a100t-3-csg324

---- Source Options
Top Module Name                    : ALU_1bit
Automatic FSM Extraction           : YES
FSM Encoding Algorithm             : Auto
Safe Implementation                : No
FSM Style                          : LUT
RAM Extraction                     : Yes
RAM Style                          : Auto
ROM Extraction                     : Yes
Shift Register Extraction          : YES
ROM Style                          : Auto
Resource Sharing                   : YES
Asynchronous To Synchronous        : NO
Shift Register Minimum Size        : 2
Use DSP Block                      : Auto
Automatic Register Balancing       : No

---- Target Options
LUT Combining                      : Auto
Reduce Control Sets                : Auto
Add IO Buffers                     : YES
Global Maximum Fanout              : 100000
Add Generic Clock Buffer(BUFG)     : 32
Register Duplication               : YES
Optimize Instantiated Primitives   : NO
Use Clock Enable                   : Auto
Use Synchronous Set                : Auto
Use Synchronous Reset              : Auto
Pack IO Registers into IOBs        : Auto
Equivalent register Removal        : YES

---- General Options
Optimization Goal                  : Speed
Optimization Effort                : 1
Power Reduction                    : NO
Keep Hierarchy                     : No
Netlist Hierarchy                  : As_Optimized
RTL Output                         : Yes
Global Optimization                : AllClockNets
Read Cores                         : YES
Write Timing Constraints           : NO
Cross Clock Analysis               : NO
Hierarchy Separator                : /
Bus Delimiter                      : <>
Case Specifier                     : Maintain
Slice Utilization Ratio            : 100
BRAM Utilization Ratio             : 100
DSP48 Utilization Ratio            : 100
Auto BRAM Packing                  : NO
Slice Utilization Ratio Delta      : 5

=========================================================================


=========================================================================
*                          HDL Parsing                                  *
=========================================================================
Parsing VHDL file "C:\Users\M\Documents\ISE Projects\ProjectV2\Mux3x1.vhd" into library work
Parsing entity <Mux_3x1>.
Parsing architecture <Behavioral> of entity <mux_3x1>.
Parsing VHDL file "C:\Users\M\Documents\ISE Projects\ProjectV2\Mux2x1.vhd" into library work
Parsing entity <Mux_2x1>.
Parsing architecture <Behavioral> of entity <mux_2x1>.
Parsing VHDL file "C:\Users\M\Documents\ISE Projects\ProjectV2\ALU_1bit_Package.vhd" into library work
Parsing package <ALU_1bit_Package>.
Parsing VHDL file "C:\Users\M\Documents\ISE Projects\ProjectV2\Adder_1bit.vhd" into library work
Parsing entity <Adder_1bit>.
Parsing architecture <Behavioral> of entity <adder_1bit>.
Parsing VHDL file "C:\Users\M\Documents\ISE Projects\ProjectV2\ALU_1bit.vhd" into library work
Parsing entity <ALU_1bit>.
Parsing architecture <Behavioral> of entity <alu_1bit>.
WARNING:HDLCompiler:946 - "C:\Users\M\Documents\ISE Projects\ProjectV2\ALU_1bit.vhd" Line 40: Actual for formal port i1 is neither a static name nor a globally static expression

=========================================================================
*                            HDL Elaboration                            *
=========================================================================

Elaborating entity <ALU_1bit> (architecture <Behavioral>) from library <work>.

Elaborating entity <Mux_2x1> (architecture <Behavioral>) from library <work>.

Elaborating entity <Adder_1bit> (architecture <Behavioral>) from library <work>.

Elaborating entity <Mux_3x1> (architecture <Behavioral>) from library <work>.

=========================================================================
*                           HDL Synthesis                               *
=========================================================================

Synthesizing Unit <ALU_1bit>.
    Related source file is "C:\Users\M\Documents\ISE Projects\ProjectV2\ALU_1bit.vhd".
WARNING:Xst:647 - Input <CarryIn> is never used. This port will be preserved and left unconnected if it belongs to a top-level block or it belongs to a sub-block and the hierarchy of this sub-block is preserved.
    Summary:
	no macro.
Unit <ALU_1bit> synthesized.

Synthesizing Unit <Mux_2x1>.
    Related source file is "C:\Users\M\Documents\ISE Projects\ProjectV2\Mux2x1.vhd".
    Found 1-bit tristate buffer for signal <Output> created at line 34
    Summary:
	inferred   1 Multiplexer(s).
	inferred   1 Tristate(s).
Unit <Mux_2x1> synthesized.

Synthesizing Unit <Adder_1bit>.
    Related source file is "C:\Users\M\Documents\ISE Projects\ProjectV2\Adder_1bit.vhd".
    Summary:
Unit <Adder_1bit> synthesized.

Synthesizing Unit <Mux_3x1>.
    Related source file is "C:\Users\M\Documents\ISE Projects\ProjectV2\Mux3x1.vhd".
    Found 1-bit tristate buffer for signal <Output> created at line 35
    Summary:
	inferred   1 Multiplexer(s).
	inferred   1 Tristate(s).
Unit <Mux_3x1> synthesized.

=========================================================================
HDL Synthesis Report

Macro Statistics
# Multiplexers                                         : 2
 1-bit 2-to-1 multiplexer                              : 2
# Tristates                                            : 2
 1-bit tristate buffer                                 : 2
# Xors                                                 : 2
 1-bit xor2                                            : 2

=========================================================================

=========================================================================
*                       Advanced HDL Synthesis                          *
=========================================================================


=========================================================================
Advanced HDL Synthesis Report

Macro Statistics
# Xors                                                 : 2
 1-bit xor2                                            : 2

=========================================================================

=========================================================================
*                         Low Level Synthesis                           *
=========================================================================

Optimizing unit <ALU_1bit> ...

Mapping all equations...
Building and optimizing final netlist ...
Found area constraint ratio of 100 (+ 5) on block ALU_1bit, actual ratio is 0.

Final Macro Processing ...

=========================================================================
Final Register Report

Found no macro
=========================================================================

=========================================================================
*                           Partition Report                            *
=========================================================================

Partition Implementation Status
-------------------------------

  No Partitions were found in this design.

-------------------------------

=========================================================================
*                            Design Summary                             *
=========================================================================

Top Level Output File Name         : ALU_1bit.ngc

Primitive and Black Box Usage:
------------------------------
# BELS                             : 3
#      LUT2                        : 1
#      LUT4                        : 1
#      LUT6                        : 1
# IO Buffers                       : 8
#      IBUF                        : 6
#      OBUF                        : 1
#      OBUFT                       : 1

Device utilization summary:
---------------------------

Selected Device : 7a100tcsg324-3 


Slice Logic Utilization: 
 Number of Slice LUTs:                    3  out of  63400     0%  
    Number used as Logic:                 3  out of  63400     0%  

Slice Logic Distribution: 
 Number of LUT Flip Flop pairs used:      3
   Number with an unused Flip Flop:       3  out of      3   100%  
   Number with an unused LUT:             0  out of      3     0%  
   Number of fully used LUT-FF pairs:     0  out of      3     0%  
   Number of unique control sets:         0

IO Utilization: 
 Number of IOs:                           9
 Number of bonded IOBs:                   8  out of    210     3%  

Specific Feature Utilization:

---------------------------
Partition Resource Summary:
---------------------------

  No Partitions were found in this design.

---------------------------


=========================================================================
Timing Report

NOTE: THESE TIMING NUMBERS ARE ONLY A SYNTHESIS ESTIMATE.
      FOR ACCURATE TIMING INFORMATION PLEASE REFER TO THE TRACE REPORT
      GENERATED AFTER PLACE-and-ROUTE.

Clock Information:
------------------
No clock signals found in this design

Asynchronous Control Signals Information:
----------------------------------------
No asynchronous control signals found in this design

Timing Summary:
---------------
Speed Grade: -3

   Minimum period: No path found
   Minimum input arrival time before clock: No path found
   Maximum output required time after clock: No path found
   Maximum combinational path delay: 1.071ns

Timing Details:
---------------
All values displayed in nanoseconds (ns)

=========================================================================
Timing constraint: Default path analysis
  Total number of paths / destination ports: 12 / 2
-------------------------------------------------------------------------
Delay:               1.071ns (Levels of Logic = 3)
  Source:            A (PAD)
  Destination:       Result (PAD)

  Data Path: A to Result
                                Gate     Net
    Cell:in->out      fanout   Delay   Delay  Logical Name (Net Name)
    ----------------------------------------  ------------
     IBUF:I->O             1   0.001   0.693  A_IBUF (A_IBUF)
     LUT6:I0->O            1   0.097   0.279  mux1/Z_7_o_I0_MUX_12_o11 (Result_OBUFT)
     OBUFT:I->O                0.000          Result_OBUFT (Result)
    ----------------------------------------
    Total                      1.071ns (0.098ns logic, 0.973ns route)
                                       (9.2% logic, 90.8% route)

=========================================================================

Cross Clock Domains Report:
--------------------------

=========================================================================


Total REAL time to Xst completion: 24.00 secs
Total CPU time to Xst completion: 24.14 secs
 
--> 

Total memory usage is 4578840 kilobytes

Number of errors   :    0 (   0 filtered)
Number of warnings :    2 (   0 filtered)
Number of infos    :    0 (   0 filtered)

